/var/spool/slurm/d/job92894/slurm_script: line 7: modul: command not found
1600 -1715.42
1600 -1715.42
1600 -1715.42
1600 -1715.42
1600 -1715.42
6400 -1715.42
6400 -1715.42
6400 -1715.42
6400 -1715.42
6400 -1715.42
14400 18284.6
14400 18284.6
14400 8284.58
14400 18284.6
14400 8284.58
25600 38284.6
25600 28284.6
25600 38284.6
25600 28284.6
25600 28284.6
40000 58284.6
40000 58284.6
40000 58284.6
40000 68284.6
40000 58284.6
57600 108285
57600 108285
57600 108285
57600 108285
57600 108285
78400 178285
78400 178285
78400 178285
78400 178285
78400 178285
102400 268285
102400 268285
102400 268285
102400 268285
102400 258285
129600 378285
129600 378285
129600 378285
129600 378285
129600 378285
160000 518285
160000 518285
160000 518285
160000 518285
160000 518285
193600 688285
193600 688285
193600 688285
193600 688285
193600 688285
230400 898285
230400 898285
230400 898285
230400 898285
230400 898285
270400 1.13828e+06
270400 1.18828e+06
270400 1.13828e+06
270400 1.14828e+06
270400 1.14828e+06
313600 1.42828e+06
313600 1.42828e+06
313600 1.42828e+06
313600 1.42828e+06
313600 1.42828e+06
360000 1.75828e+06
360000 1.75828e+06
360000 1.75828e+06
360000 1.84828e+06
360000 1.75828e+06
409600 2.44828e+06
409600 2.12828e+06
409600 2.45828e+06
409600 2.46828e+06
409600 2.12828e+06
462400 2.50828e+06
462400 2.54828e+06
462400 2.65828e+06
462400 2.50828e+06
462400 2.49828e+06
518400 3.17828e+06
518400 3.17828e+06
518400 3.16828e+06
518400 3.16828e+06
518400 3.16828e+06
577600 3.71828e+06
577600 3.71828e+06
577600 3.71828e+06
577600 3.71828e+06
577600 3.71828e+06
640000 4.27828e+06
640000 4.27828e+06
640000 4.28828e+06
640000 4.28828e+06
640000 4.27828e+06
