/var/spool/slurm/d/job92893/slurm_script: line 7: modul: command not found
1600-1715.42
1600-1715.42
1600-1715.42
1600-1715.42
1600-1715.42
64008284.58
6400-1715.42
6400-1715.42
6400-1715.42
6400-1715.42
144008284.58
144008284.58
144008284.58
144008284.58
144008284.58
2560028284.6
2560028284.6
2560028284.6
2560028284.6
2560028284.6
4000058284.6
4000058284.6
4000068284.6
4000058284.6
4000058284.6
57600108285
57600108285
57600108285
57600108285
57600108285
78400178285
78400178285
78400178285
78400178285
78400178285
102400258285
102400268285
102400268285
102400258285
102400258285
129600378285
129600378285
129600378285
129600378285
129600378285
160000518285
160000518285
160000518285
160000518285
160000518285
193600688285
193600688285
193600688285
193600688285
193600688285
230400898285
230400898285
230400898285
230400898285
230400898285
2704001.13828e+06
2704001.14828e+06
2704001.14828e+06
2704001.14828e+06
2704001.14828e+06
3136001.42828e+06
3136001.47828e+06
3136001.42828e+06
3136001.42828e+06
3136001.42828e+06
3600001.75828e+06
3600001.75828e+06
3600001.80828e+06
3600001.75828e+06
3600001.75828e+06
4096002.18828e+06
4096002.61828e+06
4096002.12828e+06
4096002.40828e+06
4096002.12828e+06
4624002.54828e+06
4624002.55828e+06
4624002.60828e+06
4624002.67828e+06
4624002.50828e+06
518400 3.17828e+06
518400 3.16828e+06
518400 3.16828e+06
518400 3.17828e+06
518400 3.16828e+06
577600 3.71828e+06
577600 3.71828e+06
577600 3.71828e+06
577600 3.71828e+06
577600 3.71828e+06
640000 4.27828e+06
640000 4.28828e+06
640000 4.27828e+06
640000 4.27828e+06
640000 4.27828e+06
